<?xml version="1.0" encoding="UTF-8" ?>
<testsuite tests="8" failures="0" name="domain.NoteServiceNoteTest" time="0.016" errors="0" skipped="0">
  <properties>
[...]
</properties>
  <testcase classname="domain.NoteServiceNoteTest" name="creatingNewNoteForCurrentUserWorks" time="0.002"/>
  <testcase classname="domain.NoteServiceNoteTest" name="gettingListofNotesForCurrentUserWorksWhenThereAreNotes" time="0.002"/>
  <testcase classname="domain.NoteServiceNoteTest" name="tryingToDeleteANoteReturnsFalseWhenCurrentUserHasNoCorrespondingNote" time="0.002"/>
  <testcase classname="domain.NoteServiceNoteTest" name="noteIsDeletedCorrectlyWhenCurrentUserHasACorrespondingNote" time="0.002"/>
  <testcase classname="domain.NoteServiceNoteTest" name="gettingListOfNotesForCurrentUserWorksWhenThereAreNoNotes" time="0.002"/>
  <testcase classname="domain.NoteServiceNoteTest" name="gettingKmCountForCurrentUserWorks" time="0.003"/>
  <testcase classname="domain.NoteServiceNoteTest" name="checkingIfUserIsLoggedInWorksWhenUserIsNotLoggedIn" time="0.001"/>
  <testcase classname="domain.NoteServiceNoteTest" name="checkingIfUserIsLoggedInWorksWhenUserIsLoggedIn" time="0.002"/>
</testsuite>